0 verbose cli /usr/bin/node /usr/bin/npm
1 info using npm@10.8.1
2 info using node@v20.16.0
3 silly config load:file:/usr/lib/node_modules/npm/npmrc
4 silly config load:file:/root/.npmrc
5 silly config load:file:/usr/etc/npmrc
6 verbose title npm i rivalz-node-cli@2.4.0
7 verbose argv "i" "--global" "rivalz-node-cli@2.4.0"
8 verbose logfile logs-max:10 dir:/root/.npm/_logs/2024-08-10T12_40_47_535Z-
9 verbose logfile /root/.npm/_logs/2024-08-10T12_40_47_535Z-debug-0.log
10 silly packumentCache heap:2197815296 maxSize:549453824 maxEntrySize:274726912
11 silly logfile done cleaning log files
12 silly idealTree buildDeps
13 silly fetch manifest rivalz-node-cli@2.4.0
14 silly packumentCache full:https://registry.npmjs.org/rivalz-node-cli cache-miss
15 http fetch GET 200 https://registry.npmjs.org/rivalz-node-cli 366ms (cache revalidated)
16 silly packumentCache full:https://registry.npmjs.org/rivalz-node-cli set size:141660 disposed:false
17 silly placeDep ROOT rivalz-node-cli@2.4.0 OK for:  want: 2.4.0
18 silly fetch manifest axios@^1.7.2
19 silly packumentCache full:https://registry.npmjs.org/axios cache-miss
20 silly fetch manifest chalk@^4.1.2
21 silly packumentCache full:https://registry.npmjs.org/chalk cache-miss
22 silly fetch manifest commander@^12.1.0
23 silly packumentCache full:https://registry.npmjs.org/commander cache-miss
24 http fetch GET 200 https://registry.npmjs.org/axios 295ms (cache revalidated)
25 silly packumentCache full:https://registry.npmjs.org/axios set size:552448 disposed:false
26 silly fetch manifest ethers@^6.13.1
27 silly packumentCache full:https://registry.npmjs.org/ethers cache-miss
28 http fetch GET 200 https://registry.npmjs.org/chalk 311ms (cache revalidated)
29 silly packumentCache full:https://registry.npmjs.org/chalk set size:141442 disposed:false
30 silly fetch manifest inquirer@^10.1.2
31 silly packumentCache full:https://registry.npmjs.org/inquirer cache-miss
32 http fetch GET 200 https://registry.npmjs.org/commander 503ms (cache revalidated)
33 silly packumentCache full:https://registry.npmjs.org/commander set size:942287 disposed:false
34 silly fetch manifest mqtt@^5.8.1
35 silly packumentCache full:https://registry.npmjs.org/mqtt cache-miss
36 http fetch GET 200 https://registry.npmjs.org/inquirer 481ms (cache revalidated)
37 silly packumentCache full:https://registry.npmjs.org/inquirer set size:431697 disposed:false
38 silly fetch manifest node-machine-id@^1.1.12
39 silly packumentCache full:https://registry.npmjs.org/node-machine-id cache-miss
40 http fetch GET 200 https://registry.npmjs.org/ethers 580ms (cache revalidated)
41 silly packumentCache full:https://registry.npmjs.org/ethers set size:1309679 disposed:false
42 silly fetch manifest ora@^5.4.1
43 silly packumentCache full:https://registry.npmjs.org/ora cache-miss
44 http fetch GET 200 https://registry.npmjs.org/mqtt 510ms (cache revalidated)
45 silly packumentCache full:https://registry.npmjs.org/mqtt set size:723179 disposed:false
46 silly fetch manifest systeminformation@^5.22.11
47 silly packumentCache full:https://registry.npmjs.org/systeminformation cache-miss
48 http fetch GET 200 https://registry.npmjs.org/node-machine-id 464ms (cache revalidated)
49 silly packumentCache full:https://registry.npmjs.org/node-machine-id set size:39325 disposed:false
50 http fetch GET 200 https://registry.npmjs.org/ora 320ms (cache revalidated)
51 silly packumentCache full:https://registry.npmjs.org/ora set size:124679 disposed:false
52 http fetch GET 200 https://registry.npmjs.org/systeminformation 1817ms (cache updated)
53 silly packumentCache full:https://registry.npmjs.org/systeminformation set size:undefined disposed:false
54 silly placeDep node_modules/rivalz-node-cli axios@1.7.3 OK for: rivalz-node-cli@2.4.0 want: ^1.7.2
55 silly placeDep node_modules/rivalz-node-cli chalk@4.1.2 OK for: rivalz-node-cli@2.4.0 want: ^4.1.2
56 silly placeDep node_modules/rivalz-node-cli commander@12.1.0 OK for: rivalz-node-cli@2.4.0 want: ^12.1.0
57 silly placeDep node_modules/rivalz-node-cli ethers@6.13.2 OK for: rivalz-node-cli@2.4.0 want: ^6.13.1
58 silly placeDep node_modules/rivalz-node-cli inquirer@10.1.8 OK for: rivalz-node-cli@2.4.0 want: ^10.1.2
59 silly placeDep node_modules/rivalz-node-cli mqtt@5.9.1 OK for: rivalz-node-cli@2.4.0 want: ^5.8.1
60 silly placeDep node_modules/rivalz-node-cli node-machine-id@1.1.12 OK for: rivalz-node-cli@2.4.0 want: ^1.1.12
61 silly placeDep node_modules/rivalz-node-cli ora@5.4.1 OK for: rivalz-node-cli@2.4.0 want: ^5.4.1
62 silly placeDep node_modules/rivalz-node-cli systeminformation@5.23.4 OK for: rivalz-node-cli@2.4.0 want: ^5.22.11
63 silly fetch manifest follow-redirects@^1.15.6
64 silly packumentCache full:https://registry.npmjs.org/follow-redirects cache-miss
65 silly fetch manifest form-data@^4.0.0
66 silly packumentCache full:https://registry.npmjs.org/form-data cache-miss
67 silly fetch manifest proxy-from-env@^1.1.0
68 silly packumentCache full:https://registry.npmjs.org/proxy-from-env cache-miss
69 http fetch GET 200 https://registry.npmjs.org/follow-redirects 494ms (cache revalidated)
70 silly packumentCache full:https://registry.npmjs.org/follow-redirects set size:176092 disposed:false
71 silly fetch manifest ansi-styles@^4.1.0
72 silly packumentCache full:https://registry.npmjs.org/ansi-styles cache-miss
73 http fetch GET 200 https://registry.npmjs.org/proxy-from-env 771ms (cache revalidated)
74 silly packumentCache full:https://registry.npmjs.org/proxy-from-env set size:15831 disposed:false
75 silly fetch manifest supports-color@^7.1.0
76 silly packumentCache full:https://registry.npmjs.org/supports-color cache-miss
77 http fetch GET 200 https://registry.npmjs.org/form-data 863ms (cache revalidated)
78 silly packumentCache full:https://registry.npmjs.org/form-data set size:117324 disposed:false
79 silly fetch manifest ws@8.17.1
80 silly packumentCache full:https://registry.npmjs.org/ws cache-miss
81 http fetch GET 200 https://registry.npmjs.org/ansi-styles 530ms (cache revalidated)
82 silly packumentCache full:https://registry.npmjs.org/ansi-styles set size:66356 disposed:false
83 silly fetch manifest tslib@2.4.0
84 silly packumentCache full:https://registry.npmjs.org/tslib cache-miss
85 http fetch GET 200 https://registry.npmjs.org/supports-color 327ms (cache revalidated)
86 silly packumentCache full:https://registry.npmjs.org/supports-color set size:113904 disposed:false
87 silly fetch manifest aes-js@4.0.0-beta.5
88 silly packumentCache full:https://registry.npmjs.org/aes-js cache-miss
89 http fetch GET 200 https://registry.npmjs.org/ws 613ms (cache revalidated)
90 silly packumentCache full:https://registry.npmjs.org/ws set size:403597 disposed:false
91 silly fetch manifest @types/node@18.15.13
92 silly packumentCache full:https://registry.npmjs.org/@types%2fnode cache-miss
93 http fetch GET 200 https://registry.npmjs.org/tslib 523ms (cache revalidated)
94 silly packumentCache full:https://registry.npmjs.org/tslib set size:102541 disposed:false
95 silly fetch manifest @noble/curves@1.2.0
96 silly packumentCache full:https://registry.npmjs.org/@noble%2fcurves cache-miss
97 http fetch GET 200 https://registry.npmjs.org/aes-js 637ms (cache revalidated)
98 silly packumentCache full:https://registry.npmjs.org/aes-js set size:116677 disposed:false
99 silly fetch manifest @noble/hashes@1.3.2
100 silly packumentCache full:https://registry.npmjs.org/@noble%2fhashes cache-miss
101 http fetch GET 200 https://registry.npmjs.org/@noble%2fhashes 380ms (cache revalidated)
102 silly packumentCache full:https://registry.npmjs.org/@noble%2fhashes set size:159005 disposed:false
103 silly fetch manifest @adraffy/ens-normalize@1.10.1
104 silly packumentCache full:https://registry.npmjs.org/@adraffy%2fens-normalize cache-miss
105 http fetch GET 200 https://registry.npmjs.org/@noble%2fcurves 587ms (cache updated)
106 silly packumentCache full:https://registry.npmjs.org/@noble%2fcurves set size:undefined disposed:false
107 silly fetch manifest @inquirer/prompts@^5.3.8
108 silly packumentCache full:https://registry.npmjs.org/@inquirer%2fprompts cache-miss
109 http fetch GET 200 https://registry.npmjs.org/@adraffy%2fens-normalize 150ms (cache revalidated)
110 silly packumentCache full:https://registry.npmjs.org/@adraffy%2fens-normalize set size:143537 disposed:false
111 silly fetch manifest @inquirer/type@^1.5.2
112 silly packumentCache full:https://registry.npmjs.org/@inquirer%2ftype cache-miss
113 http fetch GET 200 https://registry.npmjs.org/@inquirer%2fprompts 252ms (cache revalidated)
114 silly packumentCache full:https://registry.npmjs.org/@inquirer%2fprompts set size:168180 disposed:false
115 silly fetch manifest @types/mute-stream@^0.0.4
116 silly packumentCache full:https://registry.npmjs.org/@types%2fmute-stream cache-miss
117 http fetch GET 200 https://registry.npmjs.org/@inquirer%2ftype 221ms (cache revalidated)
118 silly packumentCache full:https://registry.npmjs.org/@inquirer%2ftype set size:65418 disposed:false
119 silly fetch manifest ansi-escapes@^4.3.2
120 silly packumentCache full:https://registry.npmjs.org/ansi-escapes cache-miss
121 http fetch GET 200 https://registry.npmjs.org/ansi-escapes 113ms (cache revalidated)
122 silly packumentCache full:https://registry.npmjs.org/ansi-escapes set size:61494 disposed:false
123 silly fetch manifest mute-stream@^1.0.0
124 silly packumentCache full:https://registry.npmjs.org/mute-stream cache-miss
125 http fetch GET 200 https://registry.npmjs.org/mute-stream 148ms (cache revalidated)
126 silly packumentCache full:https://registry.npmjs.org/mute-stream set size:16942 disposed:false
127 silly fetch manifest run-async@^3.0.0
128 silly packumentCache full:https://registry.npmjs.org/run-async cache-miss
129 http fetch GET 200 https://registry.npmjs.org/run-async 162ms (cache revalidated)
130 silly packumentCache full:https://registry.npmjs.org/run-async set size:18882 disposed:false
131 silly fetch manifest rxjs@^7.8.1
132 silly packumentCache full:https://registry.npmjs.org/rxjs cache-miss
133 http fetch GET 200 https://registry.npmjs.org/@types%2fmute-stream 785ms (cache revalidated)
134 silly packumentCache full:https://registry.npmjs.org/@types%2fmute-stream set size:10411 disposed:false
135 silly fetch manifest @types/readable-stream@^4.0.5
136 silly packumentCache full:https://registry.npmjs.org/@types%2freadable-stream cache-miss
137 http fetch GET 200 https://registry.npmjs.org/rxjs 590ms (cache revalidated)
138 silly packumentCache full:https://registry.npmjs.org/rxjs set size:1240752 disposed:false
139 silly fetch manifest @types/ws@^8.5.9
140 silly packumentCache full:https://registry.npmjs.org/@types%2fws cache-miss
141 http fetch GET 200 https://registry.npmjs.org/@types%2freadable-stream 1119ms (cache revalidated)
142 silly packumentCache full:https://registry.npmjs.org/@types%2freadable-stream set size:67134 disposed:false
143 silly fetch manifest commist@^3.2.0
144 silly packumentCache full:https://registry.npmjs.org/commist cache-miss
145 http fetch GET 200 https://registry.npmjs.org/@types%2fws 725ms (cache revalidated)
146 silly packumentCache full:https://registry.npmjs.org/@types%2fws set size:159171 disposed:false
147 silly fetch manifest concat-stream@^2.0.0
148 silly packumentCache full:https://registry.npmjs.org/concat-stream cache-miss
149 http fetch GET 200 https://registry.npmjs.org/commist 375ms (cache revalidated)
150 silly packumentCache full:https://registry.npmjs.org/commist set size:24560 disposed:false
151 silly fetch manifest debug@^4.3.4
152 silly packumentCache full:https://registry.npmjs.org/debug cache-miss
153 http fetch GET 200 https://registry.npmjs.org/concat-stream 400ms (cache revalidated)
154 silly packumentCache full:https://registry.npmjs.org/concat-stream set size:63783 disposed:false
155 silly fetch manifest help-me@^5.0.0
156 silly packumentCache full:https://registry.npmjs.org/help-me cache-miss
157 http fetch GET 200 https://registry.npmjs.org/debug 415ms (cache revalidated)
158 silly packumentCache full:https://registry.npmjs.org/debug set size:186932 disposed:false
159 silly fetch manifest lru-cache@^10.0.1
160 silly packumentCache full:https://registry.npmjs.org/lru-cache cache-miss
161 http fetch GET 200 https://registry.npmjs.org/help-me 238ms (cache revalidated)
162 silly packumentCache full:https://registry.npmjs.org/help-me set size:29897 disposed:false
163 silly fetch manifest minimist@^1.2.8
164 silly packumentCache full:https://registry.npmjs.org/minimist cache-miss
165 http fetch GET 200 https://registry.npmjs.org/minimist 320ms (cache revalidated)
166 silly packumentCache full:https://registry.npmjs.org/minimist set size:77097 disposed:false
167 silly fetch manifest mqtt-packet@^9.0.0
168 silly packumentCache full:https://registry.npmjs.org/mqtt-packet cache-miss
169 http fetch GET 200 https://registry.npmjs.org/lru-cache 591ms (cache revalidated)
170 silly packumentCache full:https://registry.npmjs.org/lru-cache set size:698785 disposed:false
171 silly fetch manifest number-allocator@^1.0.14
172 silly packumentCache full:https://registry.npmjs.org/number-allocator cache-miss
173 http fetch GET 200 https://registry.npmjs.org/mqtt-packet 908ms (cache revalidated)
174 silly packumentCache full:https://registry.npmjs.org/mqtt-packet set size:210492 disposed:false
175 silly fetch manifest readable-stream@^4.4.2
176 silly packumentCache full:https://registry.npmjs.org/readable-stream cache-miss
177 http fetch GET 200 https://registry.npmjs.org/number-allocator 649ms (cache revalidated)
178 silly packumentCache full:https://registry.npmjs.org/number-allocator set size:45084 disposed:false
179 silly fetch manifest reinterval@^1.1.0
180 silly packumentCache full:https://registry.npmjs.org/reinterval cache-miss
181 http fetch GET 200 https://registry.npmjs.org/readable-stream 436ms (cache revalidated)
182 silly packumentCache full:https://registry.npmjs.org/readable-stream set size:272167 disposed:false
183 silly fetch manifest rfdc@^1.3.0
184 silly packumentCache full:https://registry.npmjs.org/rfdc cache-miss
185 http fetch GET 200 https://registry.npmjs.org/reinterval 476ms (cache revalidated)
186 silly packumentCache full:https://registry.npmjs.org/reinterval set size:8319 disposed:false
187 silly fetch manifest split2@^4.2.0
188 silly packumentCache full:https://registry.npmjs.org/split2 cache-miss
189 http fetch GET 200 https://registry.npmjs.org/split2 173ms (cache revalidated)
190 silly packumentCache full:https://registry.npmjs.org/split2 set size:47438 disposed:false
191 silly fetch manifest worker-timers@^7.1.4
192 silly packumentCache full:https://registry.npmjs.org/worker-timers cache-miss
193 http fetch GET 200 https://registry.npmjs.org/rfdc 371ms (cache revalidated)
194 silly packumentCache full:https://registry.npmjs.org/rfdc set size:45382 disposed:false
195 silly fetch manifest ws@^8.17.1
196 silly packumentCache full:https://registry.npmjs.org/ws cache-hit
197 silly fetch manifest bl@^4.1.0
198 silly packumentCache full:https://registry.npmjs.org/bl cache-miss
199 http fetch GET 200 https://registry.npmjs.org/bl 1358ms (cache revalidated)
200 silly packumentCache full:https://registry.npmjs.org/bl set size:150889 disposed:false
201 silly fetch manifest wcwidth@^1.0.1
202 silly packumentCache full:https://registry.npmjs.org/wcwidth cache-miss
203 http fetch GET 200 https://registry.npmjs.org/worker-timers 1545ms (cache revalidated)
204 silly packumentCache full:https://registry.npmjs.org/worker-timers set size:911571 disposed:false
205 silly fetch manifest cli-cursor@^3.1.0
206 silly packumentCache full:https://registry.npmjs.org/cli-cursor cache-miss
207 http fetch GET 200 https://registry.npmjs.org/wcwidth 158ms (cache revalidated)
208 silly packumentCache full:https://registry.npmjs.org/wcwidth set size:5904 disposed:false
209 silly fetch manifest strip-ansi@^6.0.0
210 silly packumentCache full:https://registry.npmjs.org/strip-ansi cache-miss
211 http fetch GET 200 https://registry.npmjs.org/@types%2fnode 7493ms (cache updated)
212 silly packumentCache full:https://registry.npmjs.org/@types%2fnode set size:undefined disposed:false
213 silly fetch manifest log-symbols@^4.1.0
214 silly packumentCache full:https://registry.npmjs.org/log-symbols cache-miss
215 http fetch GET 200 https://registry.npmjs.org/cli-cursor 1473ms (cache revalidated)
216 silly packumentCache full:https://registry.npmjs.org/cli-cursor set size:18913 disposed:false
217 silly fetch manifest cli-spinners@^2.5.0
218 silly packumentCache full:https://registry.npmjs.org/cli-spinners cache-miss
219 http fetch GET 200 https://registry.npmjs.org/strip-ansi 1418ms (cache revalidated)
220 silly packumentCache full:https://registry.npmjs.org/strip-ansi set size:43180 disposed:false
221 silly fetch manifest is-interactive@^1.0.0
222 silly packumentCache full:https://registry.npmjs.org/is-interactive cache-miss
223 http fetch GET 200 https://registry.npmjs.org/log-symbols 978ms (cache revalidated)
224 silly packumentCache full:https://registry.npmjs.org/log-symbols set size:28026 disposed:false
225 silly fetch manifest is-unicode-supported@^0.1.0
226 silly packumentCache full:https://registry.npmjs.org/is-unicode-supported cache-miss
227 http fetch GET 200 https://registry.npmjs.org/cli-spinners 767ms (cache revalidated)
228 silly packumentCache full:https://registry.npmjs.org/cli-spinners set size:59098 disposed:false
229 http fetch GET 200 https://registry.npmjs.org/is-interactive 1014ms (cache revalidated)
230 silly packumentCache full:https://registry.npmjs.org/is-interactive set size:10692 disposed:false
231 http fetch GET 200 https://registry.npmjs.org/is-unicode-supported 360ms (cache revalidated)
232 silly packumentCache full:https://registry.npmjs.org/is-unicode-supported set size:17590 disposed:false
233 silly placeDep node_modules/rivalz-node-cli follow-redirects@1.15.6 OK for: axios@1.7.3 want: ^1.15.6
234 silly placeDep node_modules/rivalz-node-cli form-data@4.0.0 OK for: axios@1.7.3 want: ^4.0.0
235 silly placeDep node_modules/rivalz-node-cli proxy-from-env@1.1.0 OK for: axios@1.7.3 want: ^1.1.0
236 silly fetch manifest asynckit@^0.4.0
237 silly packumentCache full:https://registry.npmjs.org/asynckit cache-miss
238 silly fetch manifest combined-stream@^1.0.8
239 silly packumentCache full:https://registry.npmjs.org/combined-stream cache-miss
240 silly fetch manifest mime-types@^2.1.12
241 silly packumentCache full:https://registry.npmjs.org/mime-types cache-miss
242 http fetch GET 200 https://registry.npmjs.org/asynckit 372ms (cache revalidated)
243 silly packumentCache full:https://registry.npmjs.org/asynckit set size:17357 disposed:false
244 http fetch GET 200 https://registry.npmjs.org/combined-stream 373ms (cache revalidated)
245 silly packumentCache full:https://registry.npmjs.org/combined-stream set size:40337 disposed:false
246 http fetch GET 200 https://registry.npmjs.org/mime-types 367ms (cache revalidated)
247 silly packumentCache full:https://registry.npmjs.org/mime-types set size:131008 disposed:false
248 silly placeDep node_modules/rivalz-node-cli ansi-styles@4.3.0 OK for: chalk@4.1.2 want: ^4.1.0
249 silly placeDep node_modules/rivalz-node-cli supports-color@7.2.0 OK for: chalk@4.1.2 want: ^7.1.0
250 silly fetch manifest color-convert@^2.0.1
251 silly packumentCache full:https://registry.npmjs.org/color-convert cache-miss
252 silly fetch manifest has-flag@^4.0.0
253 silly packumentCache full:https://registry.npmjs.org/has-flag cache-miss
254 http fetch GET 200 https://registry.npmjs.org/has-flag 207ms (cache revalidated)
255 silly packumentCache full:https://registry.npmjs.org/has-flag set size:15180 disposed:false
256 http fetch GET 200 https://registry.npmjs.org/color-convert 387ms (cache revalidated)
257 silly packumentCache full:https://registry.npmjs.org/color-convert set size:61781 disposed:false
258 silly placeDep node_modules/rivalz-node-cli color-convert@2.0.1 OK for: ansi-styles@4.3.0 want: ^2.0.1
259 silly fetch manifest color-name@~1.1.4
260 silly packumentCache full:https://registry.npmjs.org/color-name cache-miss
261 http fetch GET 200 https://registry.npmjs.org/color-name 449ms (cache revalidated)
262 silly packumentCache full:https://registry.npmjs.org/color-name set size:16325 disposed:false
263 silly placeDep node_modules/rivalz-node-cli color-name@1.1.4 OK for: color-convert@2.0.1 want: ~1.1.4
264 silly fetch manifest bufferutil@^4.0.1
265 silly packumentCache full:https://registry.npmjs.org/bufferutil cache-miss
266 http fetch GET 200 https://registry.npmjs.org/bufferutil 171ms (cache revalidated)
267 silly packumentCache full:https://registry.npmjs.org/bufferutil set size:49090 disposed:false
268 silly fetch manifest utf-8-validate@>=5.0.2
269 silly packumentCache full:https://registry.npmjs.org/utf-8-validate cache-miss
270 http fetch GET 200 https://registry.npmjs.org/utf-8-validate 68ms (cache revalidated)
271 silly packumentCache full:https://registry.npmjs.org/utf-8-validate set size:73063 disposed:false
272 silly placeDep node_modules/rivalz-node-cli @adraffy/ens-normalize@1.10.1 OK for: ethers@6.13.2 want: 1.10.1
273 silly placeDep node_modules/rivalz-node-cli @noble/curves@1.2.0 OK for: ethers@6.13.2 want: 1.2.0
274 silly placeDep node_modules/rivalz-node-cli @noble/hashes@1.3.2 OK for: ethers@6.13.2 want: 1.3.2
275 silly placeDep node_modules/rivalz-node-cli @types/node@18.15.13 OK for: ethers@6.13.2 want: 18.15.13
276 silly placeDep node_modules/rivalz-node-cli aes-js@4.0.0-beta.5 OK for: ethers@6.13.2 want: 4.0.0-beta.5
277 silly placeDep node_modules/rivalz-node-cli tslib@2.4.0 OK for: ethers@6.13.2 want: 2.4.0
278 silly placeDep node_modules/rivalz-node-cli ws@8.17.1 OK for: ethers@6.13.2 want: 8.17.1
279 silly placeDep node_modules/rivalz-node-cli asynckit@0.4.0 OK for: form-data@4.0.0 want: ^0.4.0
280 silly placeDep node_modules/rivalz-node-cli combined-stream@1.0.8 OK for: form-data@4.0.0 want: ^1.0.8
281 silly placeDep node_modules/rivalz-node-cli mime-types@2.1.35 OK for: form-data@4.0.0 want: ^2.1.12
282 silly fetch manifest delayed-stream@~1.0.0
283 silly packumentCache full:https://registry.npmjs.org/delayed-stream cache-miss
284 silly fetch manifest mime-db@1.52.0
285 silly packumentCache full:https://registry.npmjs.org/mime-db cache-miss
286 http fetch GET 200 https://registry.npmjs.org/mime-db 109ms (cache revalidated)
287 silly packumentCache full:https://registry.npmjs.org/mime-db set size:161952 disposed:false
288 http fetch GET 200 https://registry.npmjs.org/delayed-stream 130ms (cache revalidated)
289 silly packumentCache full:https://registry.npmjs.org/delayed-stream set size:15820 disposed:false
290 silly placeDep node_modules/rivalz-node-cli delayed-stream@1.0.0 OK for: combined-stream@1.0.8 want: ~1.0.0
291 silly placeDep node_modules/rivalz-node-cli @inquirer/prompts@5.3.8 OK for: inquirer@10.1.8 want: ^5.3.8
292 silly placeDep node_modules/rivalz-node-cli @inquirer/type@1.5.2 OK for: inquirer@10.1.8 want: ^1.5.2
293 silly placeDep node_modules/rivalz-node-cli @types/mute-stream@0.0.4 OK for: inquirer@10.1.8 want: ^0.0.4
294 silly placeDep node_modules/rivalz-node-cli ansi-escapes@4.3.2 OK for: inquirer@10.1.8 want: ^4.3.2
295 silly placeDep node_modules/rivalz-node-cli mute-stream@1.0.0 OK for: inquirer@10.1.8 want: ^1.0.0
296 silly placeDep node_modules/rivalz-node-cli run-async@3.0.0 OK for: inquirer@10.1.8 want: ^3.0.0
297 silly placeDep node_modules/rivalz-node-cli rxjs@7.8.1 OK for: inquirer@10.1.8 want: ^7.8.1
298 silly fetch manifest @inquirer/checkbox@^2.4.7
299 silly packumentCache full:https://registry.npmjs.org/@inquirer%2fcheckbox cache-miss
300 silly fetch manifest @inquirer/confirm@^3.1.22
301 silly packumentCache full:https://registry.npmjs.org/@inquirer%2fconfirm cache-miss
302 silly fetch manifest @inquirer/editor@^2.1.22
303 silly packumentCache full:https://registry.npmjs.org/@inquirer%2feditor cache-miss
304 http fetch GET 200 https://registry.npmjs.org/@inquirer%2fcheckbox 125ms (cache revalidated)
305 silly packumentCache full:https://registry.npmjs.org/@inquirer%2fcheckbox set size:220377 disposed:false
306 silly fetch manifest @inquirer/expand@^2.1.22
307 silly packumentCache full:https://registry.npmjs.org/@inquirer%2fexpand cache-miss
308 http fetch GET 200 https://registry.npmjs.org/@inquirer%2fconfirm 246ms (cache revalidated)
309 silly packumentCache full:https://registry.npmjs.org/@inquirer%2fconfirm set size:206385 disposed:false
310 silly fetch manifest @inquirer/input@^2.2.9
311 silly packumentCache full:https://registry.npmjs.org/@inquirer%2finput cache-miss
312 http fetch GET 200 https://registry.npmjs.org/@inquirer%2feditor 255ms (cache revalidated)
313 silly packumentCache full:https://registry.npmjs.org/@inquirer%2feditor set size:196025 disposed:false
314 silly fetch manifest @inquirer/number@^1.0.10
315 silly packumentCache full:https://registry.npmjs.org/@inquirer%2fnumber cache-miss
316 http fetch GET 200 https://registry.npmjs.org/@inquirer%2fexpand 257ms (cache revalidated)
317 silly packumentCache full:https://registry.npmjs.org/@inquirer%2fexpand set size:202941 disposed:false
318 silly fetch manifest @inquirer/password@^2.1.22
319 silly packumentCache full:https://registry.npmjs.org/@inquirer%2fpassword cache-miss
320 http fetch GET 200 https://registry.npmjs.org/@inquirer%2fnumber 225ms (cache revalidated)
321 silly packumentCache full:https://registry.npmjs.org/@inquirer%2fnumber set size:28062 disposed:false
322 silly fetch manifest @inquirer/rawlist@^2.2.4
323 silly packumentCache full:https://registry.npmjs.org/@inquirer%2frawlist cache-miss
324 http fetch GET 200 https://registry.npmjs.org/@inquirer%2finput 254ms (cache revalidated)
325 silly packumentCache full:https://registry.npmjs.org/@inquirer%2finput set size:202404 disposed:false
326 silly fetch manifest @inquirer/search@^1.0.7
327 silly packumentCache full:https://registry.npmjs.org/@inquirer%2fsearch cache-miss
328 http fetch GET 200 https://registry.npmjs.org/@inquirer%2fpassword 302ms (cache revalidated)
329 silly packumentCache full:https://registry.npmjs.org/@inquirer%2fpassword set size:204342 disposed:false
330 silly fetch manifest @inquirer/select@^2.4.7
331 silly packumentCache full:https://registry.npmjs.org/@inquirer%2fselect cache-miss
332 http fetch GET 200 https://registry.npmjs.org/@inquirer%2frawlist 227ms (cache revalidated)
333 silly packumentCache full:https://registry.npmjs.org/@inquirer%2frawlist set size:171407 disposed:false
334 silly fetch manifest type-fest@^0.21.3
335 silly packumentCache full:https://registry.npmjs.org/type-fest cache-miss
336 http fetch GET 200 https://registry.npmjs.org/@inquirer%2fsearch 223ms (cache revalidated)
337 silly packumentCache full:https://registry.npmjs.org/@inquirer%2fsearch set size:21131 disposed:false
338 http fetch GET 200 https://registry.npmjs.org/@inquirer%2fselect 215ms (cache revalidated)
339 silly packumentCache full:https://registry.npmjs.org/@inquirer%2fselect set size:211040 disposed:false
340 http fetch GET 200 https://registry.npmjs.org/type-fest 255ms (cache updated)
341 silly packumentCache full:https://registry.npmjs.org/type-fest set size:undefined disposed:false
342 silly placeDep node_modules/rivalz-node-cli @inquirer/checkbox@2.4.7 OK for: @inquirer/prompts@5.3.8 want: ^2.4.7
343 silly placeDep node_modules/rivalz-node-cli @inquirer/confirm@3.1.22 OK for: @inquirer/prompts@5.3.8 want: ^3.1.22
344 silly placeDep node_modules/rivalz-node-cli @inquirer/editor@2.1.22 OK for: @inquirer/prompts@5.3.8 want: ^2.1.22
345 silly placeDep node_modules/rivalz-node-cli @inquirer/expand@2.1.22 OK for: @inquirer/prompts@5.3.8 want: ^2.1.22
346 silly placeDep node_modules/rivalz-node-cli @inquirer/input@2.2.9 OK for: @inquirer/prompts@5.3.8 want: ^2.2.9
347 silly placeDep node_modules/rivalz-node-cli @inquirer/number@1.0.10 OK for: @inquirer/prompts@5.3.8 want: ^1.0.10
348 silly placeDep node_modules/rivalz-node-cli @inquirer/password@2.1.22 OK for: @inquirer/prompts@5.3.8 want: ^2.1.22
349 silly placeDep node_modules/rivalz-node-cli @inquirer/rawlist@2.2.4 OK for: @inquirer/prompts@5.3.8 want: ^2.2.4
350 silly placeDep node_modules/rivalz-node-cli @inquirer/search@1.0.7 OK for: @inquirer/prompts@5.3.8 want: ^1.0.7
351 silly placeDep node_modules/rivalz-node-cli @inquirer/select@2.4.7 OK for: @inquirer/prompts@5.3.8 want: ^2.4.7
352 silly fetch manifest @inquirer/core@^9.0.10
353 silly packumentCache full:https://registry.npmjs.org/@inquirer%2fcore cache-miss
354 silly fetch manifest @inquirer/figures@^1.0.5
355 silly packumentCache full:https://registry.npmjs.org/@inquirer%2ffigures cache-miss
356 silly fetch manifest yoctocolors-cjs@^2.1.2
357 silly packumentCache full:https://registry.npmjs.org/yoctocolors-cjs cache-miss
358 http fetch GET 200 https://registry.npmjs.org/yoctocolors-cjs 88ms (cache revalidated)
359 silly packumentCache full:https://registry.npmjs.org/yoctocolors-cjs set size:10739 disposed:false
360 silly fetch manifest @inquirer/core@^9.0.10
361 silly packumentCache full:https://registry.npmjs.org/@inquirer%2fcore cache-miss
362 http fetch GET 200 https://registry.npmjs.org/@inquirer%2ffigures 295ms (cache revalidated)
363 silly packumentCache full:https://registry.npmjs.org/@inquirer%2ffigures set size:15209 disposed:false
364 silly fetch manifest @inquirer/core@^9.0.10
365 silly packumentCache full:https://registry.npmjs.org/@inquirer%2fcore cache-miss
366 http fetch GET 200 https://registry.npmjs.org/@inquirer%2fcore 324ms (cache revalidated)
367 silly packumentCache full:https://registry.npmjs.org/@inquirer%2fcore set size:223206 disposed:false
368 silly fetch manifest external-editor@^3.1.0
369 silly packumentCache full:https://registry.npmjs.org/external-editor cache-miss
370 http fetch GET 200 https://registry.npmjs.org/@inquirer%2fcore 288ms (cache revalidated)
371 silly packumentCache full:https://registry.npmjs.org/@inquirer%2fcore set size:223206 disposed:false
372 silly packumentCache full:https://registry.npmjs.org/@inquirer%2fcore dispose
373 http fetch GET 200 https://registry.npmjs.org/@inquirer%2fcore 104ms (cache revalidated)
374 silly packumentCache full:https://registry.npmjs.org/@inquirer%2fcore set size:223206 disposed:true
375 silly packumentCache full:https://registry.npmjs.org/@inquirer%2fcore dispose
376 http fetch GET 200 https://registry.npmjs.org/external-editor 116ms (cache revalidated)
377 silly packumentCache full:https://registry.npmjs.org/external-editor set size:48675 disposed:false
378 silly placeDep node_modules/rivalz-node-cli @inquirer/core@9.0.10 OK for: @inquirer/checkbox@2.4.7 want: ^9.0.10
379 silly placeDep node_modules/rivalz-node-cli @inquirer/figures@1.0.5 OK for: @inquirer/checkbox@2.4.7 want: ^1.0.5
380 silly placeDep node_modules/rivalz-node-cli yoctocolors-cjs@2.1.2 OK for: @inquirer/checkbox@2.4.7 want: ^2.1.2
381 silly fetch manifest @types/node@^22.1.0
382 silly packumentCache full:https://registry.npmjs.org/@types%2fnode cache-miss
383 silly fetch manifest @types/wrap-ansi@^3.0.0
384 silly packumentCache full:https://registry.npmjs.org/@types%2fwrap-ansi cache-miss
385 silly fetch manifest cli-spinners@^2.9.2
386 silly packumentCache full:https://registry.npmjs.org/cli-spinners cache-hit
387 silly fetch manifest cli-width@^4.1.0
388 silly packumentCache full:https://registry.npmjs.org/cli-width cache-miss
389 http fetch GET 200 https://registry.npmjs.org/@types%2fnode 437ms (cache hit)
390 silly packumentCache full:https://registry.npmjs.org/@types%2fnode set size:8932266 disposed:false
391 silly fetch manifest signal-exit@^4.1.0
392 silly packumentCache full:https://registry.npmjs.org/signal-exit cache-miss
393 http fetch GET 200 https://registry.npmjs.org/cli-width 2473ms (cache revalidated)
394 silly packumentCache full:https://registry.npmjs.org/cli-width set size:24976 disposed:false
395 silly fetch manifest strip-ansi@^6.0.1
396 silly packumentCache full:https://registry.npmjs.org/strip-ansi cache-hit
397 silly fetch manifest wrap-ansi@^6.2.0
398 silly packumentCache full:https://registry.npmjs.org/wrap-ansi cache-miss
399 http fetch GET 200 https://registry.npmjs.org/@types%2fwrap-ansi 2613ms (cache revalidated)
400 silly packumentCache full:https://registry.npmjs.org/@types%2fwrap-ansi set size:24356 disposed:false
401 http fetch GET 200 https://registry.npmjs.org/signal-exit 1356ms (cache revalidated)
402 silly packumentCache full:https://registry.npmjs.org/signal-exit set size:53489 disposed:false
403 http fetch GET 200 https://registry.npmjs.org/wrap-ansi 265ms (cache revalidated)
404 silly packumentCache full:https://registry.npmjs.org/wrap-ansi set size:51143 disposed:false
405 silly placeDep node_modules/rivalz-node-cli/node_modules/@inquirer/core @types/node@22.2.0 OK for: @inquirer/core@9.0.10 want: ^22.1.0
406 silly placeDep node_modules/rivalz-node-cli @types/wrap-ansi@3.0.0 OK for: @inquirer/core@9.0.10 want: ^3.0.0
407 silly placeDep node_modules/rivalz-node-cli cli-spinners@2.9.2 OK for: @inquirer/core@9.0.10 want: ^2.9.2
408 silly placeDep node_modules/rivalz-node-cli cli-width@4.1.0 OK for: @inquirer/core@9.0.10 want: ^4.1.0
409 silly placeDep node_modules/rivalz-node-cli signal-exit@4.1.0 OK for: @inquirer/core@9.0.10 want: ^4.1.0
410 silly placeDep node_modules/rivalz-node-cli strip-ansi@6.0.1 OK for: @inquirer/core@9.0.10 want: ^6.0.1
411 silly placeDep node_modules/rivalz-node-cli wrap-ansi@6.2.0 OK for: @inquirer/core@9.0.10 want: ^6.2.0
412 silly fetch manifest undici-types@~6.13.0
413 silly packumentCache full:https://registry.npmjs.org/undici-types cache-miss
414 silly fetch manifest ansi-regex@^5.0.1
415 silly packumentCache full:https://registry.npmjs.org/ansi-regex cache-miss
416 silly fetch manifest string-width@^4.1.0
417 silly packumentCache full:https://registry.npmjs.org/string-width cache-miss
418 http fetch GET 200 https://registry.npmjs.org/string-width 387ms (cache revalidated)
419 silly packumentCache full:https://registry.npmjs.org/string-width set size:61460 disposed:false
420 http fetch GET 200 https://registry.npmjs.org/ansi-regex 450ms (cache revalidated)
421 silly packumentCache full:https://registry.npmjs.org/ansi-regex set size:45233 disposed:false
422 http fetch GET 200 https://registry.npmjs.org/undici-types 484ms (cache updated)
423 silly packumentCache full:https://registry.npmjs.org/undici-types set size:undefined disposed:false
424 silly placeDep node_modules/rivalz-node-cli external-editor@3.1.0 OK for: @inquirer/editor@2.1.22 want: ^3.1.0
425 silly fetch manifest chardet@^0.7.0
426 silly packumentCache full:https://registry.npmjs.org/chardet cache-miss
427 silly fetch manifest iconv-lite@^0.4.24
428 silly packumentCache full:https://registry.npmjs.org/iconv-lite cache-miss
429 silly fetch manifest tmp@^0.0.33
430 silly packumentCache full:https://registry.npmjs.org/tmp cache-miss
431 http fetch GET 200 https://registry.npmjs.org/tmp 319ms (cache revalidated)
432 silly packumentCache full:https://registry.npmjs.org/tmp set size:70665 disposed:false
433 http fetch GET 200 https://registry.npmjs.org/chardet 445ms (cache revalidated)
434 silly packumentCache full:https://registry.npmjs.org/chardet set size:64874 disposed:false
435 http fetch GET 200 https://registry.npmjs.org/iconv-lite 478ms (cache revalidated)
436 silly packumentCache full:https://registry.npmjs.org/iconv-lite set size:115994 disposed:false
437 silly placeDep node_modules/rivalz-node-cli type-fest@0.21.3 OK for: ansi-escapes@4.3.2 want: ^0.21.3
438 silly placeDep node_modules/rivalz-node-cli chardet@0.7.0 OK for: external-editor@3.1.0 want: ^0.7.0
439 silly placeDep node_modules/rivalz-node-cli iconv-lite@0.4.24 OK for: external-editor@3.1.0 want: ^0.4.24
440 silly placeDep node_modules/rivalz-node-cli tmp@0.0.33 OK for: external-editor@3.1.0 want: ^0.0.33
441 silly fetch manifest safer-buffer@>= 2.1.2 < 3
442 silly packumentCache full:https://registry.npmjs.org/safer-buffer cache-miss
443 silly fetch manifest os-tmpdir@~1.0.2
444 silly packumentCache full:https://registry.npmjs.org/os-tmpdir cache-miss
445 http fetch GET 200 https://registry.npmjs.org/os-tmpdir 150ms (cache revalidated)
446 silly packumentCache full:https://registry.npmjs.org/os-tmpdir set size:8847 disposed:false
447 http fetch GET 200 https://registry.npmjs.org/safer-buffer 153ms (cache revalidated)
448 silly packumentCache full:https://registry.npmjs.org/safer-buffer set size:18521 disposed:false
449 silly placeDep node_modules/rivalz-node-cli safer-buffer@2.1.2 OK for: iconv-lite@0.4.24 want: >= 2.1.2 < 3
450 silly placeDep node_modules/rivalz-node-cli mime-db@1.52.0 OK for: mime-types@2.1.35 want: 1.52.0
451 silly placeDep node_modules/rivalz-node-cli @types/readable-stream@4.0.15 OK for: mqtt@5.9.1 want: ^4.0.5
452 silly placeDep node_modules/rivalz-node-cli @types/ws@8.5.12 OK for: mqtt@5.9.1 want: ^8.5.9
453 silly placeDep node_modules/rivalz-node-cli commist@3.2.0 OK for: mqtt@5.9.1 want: ^3.2.0
454 silly placeDep node_modules/rivalz-node-cli concat-stream@2.0.0 OK for: mqtt@5.9.1 want: ^2.0.0
455 silly placeDep node_modules/rivalz-node-cli debug@4.3.6 OK for: mqtt@5.9.1 want: ^4.3.4
456 silly placeDep node_modules/rivalz-node-cli help-me@5.0.0 OK for: mqtt@5.9.1 want: ^5.0.0
457 silly placeDep node_modules/rivalz-node-cli lru-cache@10.4.3 OK for: mqtt@5.9.1 want: ^10.0.1
458 silly placeDep node_modules/rivalz-node-cli minimist@1.2.8 OK for: mqtt@5.9.1 want: ^1.2.8
459 silly placeDep node_modules/rivalz-node-cli mqtt-packet@9.0.0 OK for: mqtt@5.9.1 want: ^9.0.0
460 silly placeDep node_modules/rivalz-node-cli number-allocator@1.0.14 OK for: mqtt@5.9.1 want: ^1.0.14
461 silly placeDep node_modules/rivalz-node-cli readable-stream@4.5.2 OK for: mqtt@5.9.1 want: ^4.4.2
462 silly placeDep node_modules/rivalz-node-cli reinterval@1.1.0 OK for: mqtt@5.9.1 want: ^1.1.0
463 silly placeDep node_modules/rivalz-node-cli rfdc@1.4.1 OK for: mqtt@5.9.1 want: ^1.3.0
464 silly placeDep node_modules/rivalz-node-cli split2@4.2.0 OK for: mqtt@5.9.1 want: ^4.2.0
465 silly placeDep node_modules/rivalz-node-cli worker-timers@7.1.8 OK for: mqtt@5.9.1 want: ^7.1.4
466 silly fetch manifest safe-buffer@~5.1.1
467 silly packumentCache full:https://registry.npmjs.org/safe-buffer cache-miss
468 silly fetch manifest buffer-from@^1.0.0
469 silly packumentCache full:https://registry.npmjs.org/buffer-from cache-miss
470 silly fetch manifest inherits@^2.0.3
471 silly packumentCache full:https://registry.npmjs.org/inherits cache-miss
472 http fetch GET 200 https://registry.npmjs.org/buffer-from 192ms (cache revalidated)
473 silly packumentCache full:https://registry.npmjs.org/buffer-from set size:15463 disposed:false
474 silly fetch manifest readable-stream@^3.0.2
475 silly packumentCache full:https://registry.npmjs.org/readable-stream cache-hit
476 silly fetch manifest typedarray@^0.0.6
477 silly packumentCache full:https://registry.npmjs.org/typedarray cache-miss
478 http fetch GET 200 https://registry.npmjs.org/safe-buffer 408ms (cache revalidated)
479 silly packumentCache full:https://registry.npmjs.org/safe-buffer set size:41183 disposed:false
480 silly fetch manifest ms@2.1.2
481 silly packumentCache full:https://registry.npmjs.org/ms cache-miss
482 http fetch GET 200 https://registry.npmjs.org/inherits 453ms (cache revalidated)
483 silly packumentCache full:https://registry.npmjs.org/inherits set size:12925 disposed:false
484 silly fetch manifest bl@^6.0.8
485 silly packumentCache full:https://registry.npmjs.org/bl cache-hit
486 silly fetch manifest process-nextick-args@^2.0.1
487 silly packumentCache full:https://registry.npmjs.org/process-nextick-args cache-miss
488 http fetch GET 200 https://registry.npmjs.org/typedarray 307ms (cache revalidated)
489 silly packumentCache full:https://registry.npmjs.org/typedarray set size:18469 disposed:false
490 silly fetch manifest js-sdsl@4.3.0
491 silly packumentCache full:https://registry.npmjs.org/js-sdsl cache-miss
492 http fetch GET 200 https://registry.npmjs.org/ms 143ms (cache revalidated)
493 silly packumentCache full:https://registry.npmjs.org/ms set size:84885 disposed:false
494 silly fetch manifest abort-controller@^3.0.0
495 silly packumentCache full:https://registry.npmjs.org/abort-controller cache-miss
496 http fetch GET 200 https://registry.npmjs.org/abort-controller 46ms (cache revalidated)
497 silly packumentCache full:https://registry.npmjs.org/abort-controller set size:47272 disposed:false
498 silly fetch manifest buffer@^6.0.3
499 silly packumentCache full:https://registry.npmjs.org/buffer cache-miss
500 http fetch GET 200 https://registry.npmjs.org/process-nextick-args 142ms (cache revalidated)
501 silly packumentCache full:https://registry.npmjs.org/process-nextick-args set size:15428 disposed:false
502 silly fetch manifest events@^3.3.0
503 silly packumentCache full:https://registry.npmjs.org/events cache-miss
504 http fetch GET 200 https://registry.npmjs.org/js-sdsl 106ms (cache revalidated)
505 silly packumentCache full:https://registry.npmjs.org/js-sdsl set size:272223 disposed:false
506 silly fetch manifest process@^0.11.10
507 silly packumentCache full:https://registry.npmjs.org/process cache-miss
508 http fetch GET 200 https://registry.npmjs.org/events 61ms (cache revalidated)
509 silly packumentCache full:https://registry.npmjs.org/events set size:35240 disposed:false
510 silly fetch manifest string_decoder@^1.3.0
511 silly packumentCache full:https://registry.npmjs.org/string_decoder cache-miss
512 http fetch GET 200 https://registry.npmjs.org/buffer 235ms (cache revalidated)
513 silly packumentCache full:https://registry.npmjs.org/buffer set size:280480 disposed:false
514 silly fetch manifest tslib@^2.6.2
515 silly packumentCache full:https://registry.npmjs.org/tslib cache-hit
516 silly fetch manifest @babel/runtime@^7.24.5
517 silly packumentCache full:https://registry.npmjs.org/@babel%2fruntime cache-miss
518 http fetch GET 200 https://registry.npmjs.org/process 309ms (cache revalidated)
519 silly packumentCache full:https://registry.npmjs.org/process set size:31274 disposed:false
520 silly fetch manifest worker-timers-broker@^6.1.8
521 silly packumentCache full:https://registry.npmjs.org/worker-timers-broker cache-miss
522 http fetch GET 200 https://registry.npmjs.org/string_decoder 344ms (cache revalidated)
523 silly packumentCache full:https://registry.npmjs.org/string_decoder set size:28441 disposed:false
524 silly fetch manifest worker-timers-worker@^7.0.71
525 silly packumentCache full:https://registry.npmjs.org/worker-timers-worker cache-miss
526 http fetch GET 200 https://registry.npmjs.org/worker-timers-broker 225ms (cache revalidated)
527 silly packumentCache full:https://registry.npmjs.org/worker-timers-broker set size:716184 disposed:false
528 http fetch GET 200 https://registry.npmjs.org/worker-timers-worker 305ms (cache revalidated)
529 silly packumentCache full:https://registry.npmjs.org/worker-timers-worker set size:583355 disposed:false
530 http fetch GET 200 https://registry.npmjs.org/@babel%2fruntime 538ms (cache revalidated)
531 silly packumentCache full:https://registry.npmjs.org/@babel%2fruntime set size:2570944 disposed:false
532 silly placeDep node_modules/rivalz-node-cli safe-buffer@5.1.2 OK for: @types/readable-stream@4.0.15 want: ~5.1.1
533 silly placeDep node_modules/rivalz-node-cli buffer-from@1.1.2 OK for: concat-stream@2.0.0 want: ^1.0.0
534 silly placeDep node_modules/rivalz-node-cli inherits@2.0.4 OK for: concat-stream@2.0.0 want: ^2.0.3
535 silly placeDep node_modules/rivalz-node-cli/node_modules/concat-stream readable-stream@3.6.2 OK for: concat-stream@2.0.0 want: ^3.0.2
536 silly placeDep node_modules/rivalz-node-cli typedarray@0.0.6 OK for: concat-stream@2.0.0 want: ^0.0.6
537 silly fetch manifest string_decoder@^1.1.1
538 silly packumentCache full:https://registry.npmjs.org/string_decoder cache-hit
539 silly fetch manifest util-deprecate@^1.0.1
540 silly packumentCache full:https://registry.npmjs.org/util-deprecate cache-miss
541 http fetch GET 200 https://registry.npmjs.org/util-deprecate 171ms (cache revalidated)
542 silly packumentCache full:https://registry.npmjs.org/util-deprecate set size:6674 disposed:false
543 silly placeDep node_modules/rivalz-node-cli ms@2.1.2 OK for: debug@4.3.6 want: 2.1.2
544 silly placeDep node_modules/rivalz-node-cli bl@6.0.14 OK for: mqtt-packet@9.0.0 want: ^6.0.8
545 silly placeDep node_modules/rivalz-node-cli process-nextick-args@2.0.1 OK for: mqtt-packet@9.0.0 want: ^2.0.1
546 silly placeDep node_modules/rivalz-node-cli buffer@6.0.3 OK for: bl@6.0.14 want: ^6.0.3
547 silly fetch manifest base64-js@^1.3.1
548 silly packumentCache full:https://registry.npmjs.org/base64-js cache-miss
549 silly fetch manifest ieee754@^1.2.1
550 silly packumentCache full:https://registry.npmjs.org/ieee754 cache-miss
551 http fetch GET 200 https://registry.npmjs.org/ieee754 174ms (cache revalidated)
552 silly packumentCache full:https://registry.npmjs.org/ieee754 set size:34910 disposed:false
553 http fetch GET 200 https://registry.npmjs.org/base64-js 219ms (cache revalidated)
554 silly packumentCache full:https://registry.npmjs.org/base64-js set size:41270 disposed:false
555 silly placeDep node_modules/rivalz-node-cli base64-js@1.5.1 OK for: buffer@6.0.3 want: ^1.3.1
556 silly placeDep node_modules/rivalz-node-cli ieee754@1.2.1 OK for: buffer@6.0.3 want: ^1.2.1
557 silly placeDep node_modules/rivalz-node-cli js-sdsl@4.3.0 OK for: number-allocator@1.0.14 want: 4.3.0
558 silly placeDep node_modules/rivalz-node-cli/node_modules/ora bl@4.1.0 OK for: ora@5.4.1 want: ^4.1.0
559 silly placeDep node_modules/rivalz-node-cli cli-cursor@3.1.0 OK for: ora@5.4.1 want: ^3.1.0
560 silly placeDep node_modules/rivalz-node-cli is-interactive@1.0.0 OK for: ora@5.4.1 want: ^1.0.0
561 silly placeDep node_modules/rivalz-node-cli is-unicode-supported@0.1.0 OK for: ora@5.4.1 want: ^0.1.0
562 silly placeDep node_modules/rivalz-node-cli log-symbols@4.1.0 OK for: ora@5.4.1 want: ^4.1.0
563 silly placeDep node_modules/rivalz-node-cli wcwidth@1.0.1 OK for: ora@5.4.1 want: ^1.0.1
564 silly fetch manifest buffer@^5.5.0
565 silly packumentCache full:https://registry.npmjs.org/buffer cache-hit
566 silly fetch manifest readable-stream@^3.4.0
567 silly packumentCache full:https://registry.npmjs.org/readable-stream cache-hit
568 silly fetch manifest restore-cursor@^3.1.0
569 silly packumentCache full:https://registry.npmjs.org/restore-cursor cache-miss
570 silly fetch manifest defaults@^1.0.3
571 silly packumentCache full:https://registry.npmjs.org/defaults cache-miss
572 http fetch GET 200 https://registry.npmjs.org/restore-cursor 63ms (cache revalidated)
573 silly packumentCache full:https://registry.npmjs.org/restore-cursor set size:17895 disposed:false
574 http fetch GET 200 https://registry.npmjs.org/defaults 79ms (cache revalidated)
575 silly packumentCache full:https://registry.npmjs.org/defaults set size:18134 disposed:false
576 silly placeDep node_modules/rivalz-node-cli restore-cursor@3.1.0 OK for: cli-cursor@3.1.0 want: ^3.1.0
577 silly fetch manifest onetime@^5.1.0
578 silly packumentCache full:https://registry.npmjs.org/onetime cache-miss
579 silly fetch manifest signal-exit@^3.0.2
580 silly packumentCache full:https://registry.npmjs.org/signal-exit cache-hit
581 http fetch GET 200 https://registry.npmjs.org/onetime 114ms (cache revalidated)
582 silly packumentCache full:https://registry.npmjs.org/onetime set size:30525 disposed:false
583 silly placeDep node_modules/rivalz-node-cli abort-controller@3.0.0 OK for: readable-stream@4.5.2 want: ^3.0.0
584 silly placeDep node_modules/rivalz-node-cli events@3.3.0 OK for: readable-stream@4.5.2 want: ^3.3.0
585 silly placeDep node_modules/rivalz-node-cli process@0.11.10 OK for: readable-stream@4.5.2 want: ^0.11.10
586 silly placeDep node_modules/rivalz-node-cli string_decoder@1.3.0 OK for: readable-stream@4.5.2 want: ^1.3.0
587 silly fetch manifest event-target-shim@^5.0.0
588 silly packumentCache full:https://registry.npmjs.org/event-target-shim cache-miss
589 silly fetch manifest safe-buffer@~5.2.0
590 silly packumentCache full:https://registry.npmjs.org/safe-buffer cache-hit
591 http fetch GET 200 https://registry.npmjs.org/event-target-shim 140ms (cache revalidated)
592 silly packumentCache full:https://registry.npmjs.org/event-target-shim set size:103601 disposed:false
593 silly placeDep node_modules/rivalz-node-cli event-target-shim@5.0.1 OK for: abort-controller@3.0.0 want: ^5.0.0
594 silly placeDep node_modules/rivalz-node-cli onetime@5.1.2 OK for: restore-cursor@3.1.0 want: ^5.1.0
595 silly placeDep node_modules/rivalz-node-cli/node_modules/restore-cursor signal-exit@3.0.7 OK for: restore-cursor@3.1.0 want: ^3.0.2
596 silly fetch manifest mimic-fn@^2.1.0
597 silly packumentCache full:https://registry.npmjs.org/mimic-fn cache-miss
598 http fetch GET 200 https://registry.npmjs.org/mimic-fn 82ms (cache revalidated)
599 silly packumentCache full:https://registry.npmjs.org/mimic-fn set size:22257 disposed:false
600 silly placeDep node_modules/rivalz-node-cli mimic-fn@2.1.0 OK for: onetime@5.1.2 want: ^2.1.0
601 silly placeDep node_modules/rivalz-node-cli/node_modules/string_decoder safe-buffer@5.2.1 OK for: string_decoder@1.3.0 want: ~5.2.0
602 silly placeDep node_modules/rivalz-node-cli ansi-regex@5.0.1 OK for: strip-ansi@6.0.1 want: ^5.0.1
603 silly placeDep node_modules/rivalz-node-cli has-flag@4.0.0 OK for: supports-color@7.2.0 want: ^4.0.0
604 silly placeDep node_modules/rivalz-node-cli os-tmpdir@1.0.2 OK for: tmp@0.0.33 want: ~1.0.2
605 silly placeDep node_modules/rivalz-node-cli defaults@1.0.4 OK for: wcwidth@1.0.1 want: ^1.0.3
606 silly fetch manifest clone@^1.0.2
607 silly packumentCache full:https://registry.npmjs.org/clone cache-miss
608 http fetch GET 200 https://registry.npmjs.org/clone 60ms (cache revalidated)
609 silly packumentCache full:https://registry.npmjs.org/clone set size:82973 disposed:false
610 silly placeDep node_modules/rivalz-node-cli clone@1.0.4 OK for: defaults@1.0.4 want: ^1.0.2
611 silly placeDep node_modules/rivalz-node-cli @babel/runtime@7.25.0 OK for: worker-timers@7.1.8 want: ^7.24.5
612 silly placeDep node_modules/rivalz-node-cli/node_modules/worker-timers tslib@2.6.3 OK for: worker-timers@7.1.8 want: ^2.6.2
613 silly placeDep node_modules/rivalz-node-cli worker-timers-broker@6.1.8 OK for: worker-timers@7.1.8 want: ^6.1.8
614 silly placeDep node_modules/rivalz-node-cli worker-timers-worker@7.0.71 OK for: worker-timers@7.1.8 want: ^7.0.71
615 silly fetch manifest regenerator-runtime@^0.14.0
616 silly packumentCache full:https://registry.npmjs.org/regenerator-runtime cache-miss
617 silly fetch manifest fast-unique-numbers@^8.0.13
618 silly packumentCache full:https://registry.npmjs.org/fast-unique-numbers cache-miss
619 http fetch GET 200 https://registry.npmjs.org/regenerator-runtime 619ms (cache revalidated)
620 silly packumentCache full:https://registry.npmjs.org/regenerator-runtime set size:59671 disposed:false
621 http fetch GET 200 https://registry.npmjs.org/fast-unique-numbers 698ms (cache revalidated)
622 silly packumentCache full:https://registry.npmjs.org/fast-unique-numbers set size:542341 disposed:false
623 silly placeDep node_modules/rivalz-node-cli regenerator-runtime@0.14.1 OK for: @babel/runtime@7.25.0 want: ^0.14.0
624 silly placeDep node_modules/rivalz-node-cli fast-unique-numbers@8.0.13 OK for: worker-timers-broker@6.1.8 want: ^8.0.13
625 silly placeDep node_modules/rivalz-node-cli/node_modules/worker-timers-broker tslib@2.6.3 OK for: worker-timers-broker@6.1.8 want: ^2.6.2
626 silly placeDep node_modules/rivalz-node-cli/node_modules/fast-unique-numbers tslib@2.6.3 OK for: fast-unique-numbers@8.0.13 want: ^2.6.2
627 silly placeDep node_modules/rivalz-node-cli/node_modules/worker-timers-worker tslib@2.6.3 OK for: worker-timers-worker@7.0.71 want: ^2.6.2
628 silly placeDep node_modules/rivalz-node-cli string-width@4.2.3 OK for: wrap-ansi@6.2.0 want: ^4.1.0
629 silly fetch manifest emoji-regex@^8.0.0
630 silly packumentCache full:https://registry.npmjs.org/emoji-regex cache-miss
631 silly fetch manifest is-fullwidth-code-point@^3.0.0
632 silly packumentCache full:https://registry.npmjs.org/is-fullwidth-code-point cache-miss
633 http fetch GET 200 https://registry.npmjs.org/is-fullwidth-code-point 192ms (cache revalidated)
634 silly packumentCache full:https://registry.npmjs.org/is-fullwidth-code-point set size:12553 disposed:false
635 http fetch GET 200 https://registry.npmjs.org/emoji-regex 282ms (cache revalidated)
636 silly packumentCache full:https://registry.npmjs.org/emoji-regex set size:82895 disposed:false
637 silly placeDep node_modules/rivalz-node-cli emoji-regex@8.0.0 OK for: string-width@4.2.3 want: ^8.0.0
638 silly placeDep node_modules/rivalz-node-cli is-fullwidth-code-point@3.0.0 OK for: string-width@4.2.3 want: ^3.0.0
639 silly placeDep node_modules/rivalz-node-cli undici-types@6.13.0 OK for: @types/node@22.2.0 want: ~6.13.0
640 silly placeDep node_modules/rivalz-node-cli util-deprecate@1.0.2 OK for: readable-stream@3.6.2 want: ^1.0.1
641 silly placeDep node_modules/rivalz-node-cli/node_modules/ora buffer@5.7.1 OK for: bl@4.1.0 want: ^5.5.0
642 silly placeDep node_modules/rivalz-node-cli/node_modules/ora readable-stream@3.6.2 OK for: bl@4.1.0 want: ^3.4.0
643 silly reify mark retired [ '/usr/lib/node_modules/rivalz-node-cli', '/usr/bin/rivalz' ]
644 silly reify moves {
644 silly reify   '/usr/lib/node_modules/rivalz-node-cli': '/usr/lib/node_modules/.rivalz-node-cli-REPG4O8U',
644 silly reify   '/usr/bin/rivalz': '/usr/bin/.rivalz-Puf4S5FT'
644 silly reify }
645 silly tarball no local data for @types/node@https://registry.npmjs.org/@types/node/-/node-22.2.0.tgz. Extracting by manifest.
646 silly tarball no local data for systeminformation@https://registry.npmjs.org/systeminformation/-/systeminformation-5.23.4.tgz. Extracting by manifest.
647 http fetch GET 200 https://registry.npmjs.org/systeminformation/-/systeminformation-5.23.4.tgz 12823ms (cache miss)
648 http fetch GET 200 https://registry.npmjs.org/@types/node/-/node-22.2.0.tgz 14290ms (cache miss)
649 silly CHANGE node_modules/rivalz-node-cli
650 silly CHANGE node_modules/rivalz-node-cli/node_modules/@babel/runtime
651 silly CHANGE node_modules/rivalz-node-cli/node_modules/@types/node
652 silly CHANGE node_modules/rivalz-node-cli/node_modules/@inquirer/expand
653 silly CHANGE node_modules/rivalz-node-cli/node_modules/@inquirer/number
654 silly CHANGE node_modules/rivalz-node-cli/node_modules/@inquirer/rawlist
655 silly CHANGE node_modules/rivalz-node-cli/node_modules/@types/ws
656 silly CHANGE node_modules/rivalz-node-cli/node_modules/@types/wrap-ansi
657 silly CHANGE node_modules/rivalz-node-cli/node_modules/@inquirer/editor
658 silly CHANGE node_modules/rivalz-node-cli/node_modules/@inquirer/type
659 silly CHANGE node_modules/rivalz-node-cli/node_modules/@types/readable-stream
660 silly CHANGE node_modules/rivalz-node-cli/node_modules/@noble/curves
661 silly CHANGE node_modules/rivalz-node-cli/node_modules/@noble/hashes
662 silly CHANGE node_modules/rivalz-node-cli/node_modules/run-async
663 silly CHANGE node_modules/rivalz-node-cli/node_modules/@types/mute-stream
664 silly CHANGE node_modules/rivalz-node-cli/node_modules/@inquirer/select
665 silly CHANGE node_modules/rivalz-node-cli/node_modules/@inquirer/search
666 silly CHANGE node_modules/rivalz-node-cli/node_modules/@inquirer/prompts
667 silly CHANGE node_modules/rivalz-node-cli/node_modules/@inquirer/password
668 silly CHANGE node_modules/rivalz-node-cli/node_modules/@inquirer/input
669 silly CHANGE node_modules/rivalz-node-cli/node_modules/yoctocolors-cjs
670 silly CHANGE node_modules/rivalz-node-cli/node_modules/rxjs
671 silly CHANGE node_modules/rivalz-node-cli/node_modules/@inquirer/confirm
672 silly CHANGE node_modules/rivalz-node-cli/node_modules/wcwidth
673 silly CHANGE node_modules/rivalz-node-cli/node_modules/@inquirer/figures
674 silly CHANGE node_modules/rivalz-node-cli/node_modules/@inquirer/core
675 silly CHANGE node_modules/rivalz-node-cli/node_modules/@inquirer/core/node_modules/@types/node
676 silly CHANGE node_modules/rivalz-node-cli/node_modules/is-interactive
677 silly CHANGE node_modules/rivalz-node-cli/node_modules/util-deprecate
678 silly CHANGE node_modules/rivalz-node-cli/node_modules/undici-types
679 silly CHANGE node_modules/rivalz-node-cli/node_modules/@inquirer/checkbox
680 silly CHANGE node_modules/rivalz-node-cli/node_modules/ws
681 silly CHANGE node_modules/rivalz-node-cli/node_modules/@adraffy/ens-normalize
682 silly CHANGE node_modules/rivalz-node-cli/node_modules/wrap-ansi
683 silly CHANGE node_modules/rivalz-node-cli/node_modules/typedarray
684 silly CHANGE node_modules/rivalz-node-cli/node_modules/worker-timers-worker
685 silly CHANGE node_modules/rivalz-node-cli/node_modules/worker-timers-worker/node_modules/tslib
686 silly CHANGE node_modules/rivalz-node-cli/node_modules/worker-timers-broker
687 silly CHANGE node_modules/rivalz-node-cli/node_modules/worker-timers-broker/node_modules/tslib
688 silly CHANGE node_modules/rivalz-node-cli/node_modules/worker-timers
689 silly CHANGE node_modules/rivalz-node-cli/node_modules/worker-timers/node_modules/tslib
690 silly CHANGE node_modules/rivalz-node-cli/node_modules/supports-color
691 silly CHANGE node_modules/rivalz-node-cli/node_modules/tmp
692 silly CHANGE node_modules/rivalz-node-cli/node_modules/safer-buffer
693 silly CHANGE node_modules/rivalz-node-cli/node_modules/type-fest
694 silly CHANGE node_modules/rivalz-node-cli/node_modules/tslib
695 silly CHANGE node_modules/rivalz-node-cli/node_modules/systeminformation
696 silly CHANGE node_modules/rivalz-node-cli/node_modules/mute-stream
697 silly CHANGE node_modules/rivalz-node-cli/node_modules/ora
698 silly CHANGE node_modules/rivalz-node-cli/node_modules/ora/node_modules/bl
699 silly CHANGE node_modules/rivalz-node-cli/node_modules/ora/node_modules/readable-stream
700 silly CHANGE node_modules/rivalz-node-cli/node_modules/ora/node_modules/buffer
701 silly CHANGE node_modules/rivalz-node-cli/node_modules/strip-ansi
702 silly CHANGE node_modules/rivalz-node-cli/node_modules/split2
703 silly CHANGE node_modules/rivalz-node-cli/node_modules/string_decoder
704 silly CHANGE node_modules/rivalz-node-cli/node_modules/string_decoder/node_modules/safe-buffer
705 silly CHANGE node_modules/rivalz-node-cli/node_modules/string-width
706 silly CHANGE node_modules/rivalz-node-cli/node_modules/safe-buffer
707 silly CHANGE node_modules/rivalz-node-cli/node_modules/process
708 silly CHANGE node_modules/rivalz-node-cli/node_modules/readable-stream
709 silly CHANGE node_modules/rivalz-node-cli/node_modules/signal-exit
710 silly CHANGE node_modules/rivalz-node-cli/node_modules/mime-db
711 silly CHANGE node_modules/rivalz-node-cli/node_modules/reinterval
712 silly CHANGE node_modules/rivalz-node-cli/node_modules/rfdc
713 silly CHANGE node_modules/rivalz-node-cli/node_modules/regenerator-runtime
714 silly CHANGE node_modules/rivalz-node-cli/node_modules/restore-cursor
715 silly CHANGE node_modules/rivalz-node-cli/node_modules/restore-cursor/node_modules/signal-exit
716 silly CHANGE node_modules/rivalz-node-cli/node_modules/process-nextick-args
717 silly CHANGE node_modules/rivalz-node-cli/node_modules/events
718 silly CHANGE node_modules/rivalz-node-cli/node_modules/asynckit
719 silly CHANGE node_modules/rivalz-node-cli/node_modules/proxy-from-env
720 silly CHANGE node_modules/rivalz-node-cli/node_modules/os-tmpdir
721 silly CHANGE node_modules/rivalz-node-cli/node_modules/mime-types
722 silly CHANGE node_modules/rivalz-node-cli/node_modules/number-allocator
723 silly CHANGE node_modules/rivalz-node-cli/node_modules/onetime
724 silly CHANGE node_modules/rivalz-node-cli/node_modules/node-machine-id
725 silly CHANGE node_modules/rivalz-node-cli/node_modules/mimic-fn
726 silly CHANGE node_modules/rivalz-node-cli/node_modules/mqtt-packet
727 silly CHANGE node_modules/rivalz-node-cli/node_modules/mqtt
728 silly CHANGE node_modules/rivalz-node-cli/node_modules/ms
729 silly CHANGE node_modules/rivalz-node-cli/node_modules/follow-redirects
730 silly CHANGE node_modules/rivalz-node-cli/node_modules/is-unicode-supported
731 silly CHANGE node_modules/rivalz-node-cli/node_modules/minimist
732 silly CHANGE node_modules/rivalz-node-cli/node_modules/inquirer
733 silly CHANGE node_modules/rivalz-node-cli/node_modules/iconv-lite
734 silly CHANGE node_modules/rivalz-node-cli/node_modules/log-symbols
735 silly CHANGE node_modules/rivalz-node-cli/node_modules/lru-cache
736 silly CHANGE node_modules/rivalz-node-cli/node_modules/js-sdsl
737 silly CHANGE node_modules/rivalz-node-cli/node_modules/is-fullwidth-code-point
738 silly CHANGE node_modules/rivalz-node-cli/node_modules/form-data
739 silly CHANGE node_modules/rivalz-node-cli/node_modules/help-me
740 silly CHANGE node_modules/rivalz-node-cli/node_modules/inherits
741 silly CHANGE node_modules/rivalz-node-cli/node_modules/fast-unique-numbers
742 silly CHANGE node_modules/rivalz-node-cli/node_modules/fast-unique-numbers/node_modules/tslib
743 silly CHANGE node_modules/rivalz-node-cli/node_modules/ieee754
744 silly CHANGE node_modules/rivalz-node-cli/node_modules/defaults
745 silly CHANGE node_modules/rivalz-node-cli/node_modules/debug
746 silly CHANGE node_modules/rivalz-node-cli/node_modules/has-flag
747 silly CHANGE node_modules/rivalz-node-cli/node_modules/external-editor
748 silly CHANGE node_modules/rivalz-node-cli/node_modules/ethers
749 silly CHANGE node_modules/rivalz-node-cli/node_modules/concat-stream
750 silly CHANGE node_modules/rivalz-node-cli/node_modules/concat-stream/node_modules/readable-stream
751 silly CHANGE node_modules/rivalz-node-cli/node_modules/commist
752 silly CHANGE node_modules/rivalz-node-cli/node_modules/event-target-shim
753 silly CHANGE node_modules/rivalz-node-cli/node_modules/emoji-regex
754 silly CHANGE node_modules/rivalz-node-cli/node_modules/commander
755 silly CHANGE node_modules/rivalz-node-cli/node_modules/delayed-stream
756 silly CHANGE node_modules/rivalz-node-cli/node_modules/cli-cursor
757 silly CHANGE node_modules/rivalz-node-cli/node_modules/base64-js
758 silly CHANGE node_modules/rivalz-node-cli/node_modules/combined-stream
759 silly CHANGE node_modules/rivalz-node-cli/node_modules/cli-spinners
760 silly CHANGE node_modules/rivalz-node-cli/node_modules/chardet
761 silly CHANGE node_modules/rivalz-node-cli/node_modules/axios
762 silly CHANGE node_modules/rivalz-node-cli/node_modules/color-name
763 silly CHANGE node_modules/rivalz-node-cli/node_modules/color-convert
764 silly CHANGE node_modules/rivalz-node-cli/node_modules/clone
765 silly CHANGE node_modules/rivalz-node-cli/node_modules/cli-width
766 silly CHANGE node_modules/rivalz-node-cli/node_modules/aes-js
767 silly CHANGE node_modules/rivalz-node-cli/node_modules/ansi-styles
768 silly CHANGE node_modules/rivalz-node-cli/node_modules/buffer
769 silly CHANGE node_modules/rivalz-node-cli/node_modules/buffer-from
770 silly CHANGE node_modules/rivalz-node-cli/node_modules/chalk
771 silly CHANGE node_modules/rivalz-node-cli/node_modules/bl
772 silly CHANGE node_modules/rivalz-node-cli/node_modules/ansi-regex
773 silly CHANGE node_modules/rivalz-node-cli/node_modules/ansi-escapes
774 silly CHANGE node_modules/rivalz-node-cli/node_modules/abort-controller
775 verbose cwd /root
776 verbose os Linux 5.15.0-25-generic
777 verbose node v20.16.0
778 verbose npm  v10.8.1
779 verbose exit 0
780 info ok
